c:\users\tsundoku\documents\visual studio 2022\projects\heatspectra\heatspectra\heatspectra\x64\debug\vc143.pdb
c:\users\tsundoku\documents\visual studio 2022\projects\heatspectra\heatspectra\heatspectra\x64\debug\vc143.idb
c:\users\tsundoku\documents\visual studio 2022\projects\heatspectra\heatspectra\heatspectra\x64\debug\moc_mainqt.obj
c:\users\tsundoku\documents\visual studio 2022\projects\heatspectra\heatspectra\heatspectra\x64\debug\cameracontroller.obj
c:\users\tsundoku\documents\visual studio 2022\projects\heatspectra\heatspectra\heatspectra\x64\debug\runtimeinputcontroller.obj
c:\users\tsundoku\documents\visual studio 2022\projects\heatspectra\heatspectra\heatspectra\x64\debug\vkframegraphbackend.obj
c:\users\tsundoku\documents\visual studio 2022\projects\heatspectra\heatspectra\heatspectra\x64\debug\halfedgemesh.obj
c:\users\tsundoku\documents\visual studio 2022\projects\heatspectra\heatspectra\heatspectra\x64\debug\nodegraphdebugstore.obj
c:\users\tsundoku\documents\visual studio 2022\projects\heatspectra\heatspectra\heatspectra\x64\debug\inputcontroller.obj
c:\users\tsundoku\documents\visual studio 2022\projects\heatspectra\heatspectra\heatspectra\x64\debug\swapchainstage.obj
c:\users\tsundoku\documents\visual studio 2022\projects\heatspectra\heatspectra\heatspectra\x64\debug\scenecontext.obj
c:\users\tsundoku\documents\visual studio 2022\projects\heatspectra\heatspectra\heatspectra\x64\debug\framegraphcompile.obj
c:\users\tsundoku\documents\visual studio 2022\projects\heatspectra\heatspectra\heatspectra\x64\debug\gridlabel.obj
c:\users\tsundoku\documents\visual studio 2022\projects\heatspectra\heatspectra\heatspectra\x64\debug\nodegraphdatatypes.obj
c:\users\tsundoku\documents\visual studio 2022\projects\heatspectra\heatspectra\heatspectra\x64\debug\nodeheatreceiver.obj
c:\users\tsundoku\documents\visual studio 2022\projects\heatspectra\heatspectra\heatspectra\x64\debug\voronoigeocompute.obj
c:\users\tsundoku\documents\visual studio 2022\projects\heatspectra\heatspectra\heatspectra\x64\debug\voronoiintegrator.obj
c:\users\tsundoku\documents\visual studio 2022\projects\heatspectra\heatspectra\heatspectra\x64\debug\vulkanimage.obj
c:\users\tsundoku\documents\visual studio 2022\projects\heatspectra\heatspectra\heatspectra\x64\debug\framestats.obj
c:\users\tsundoku\documents\visual studio 2022\projects\heatspectra\heatspectra\heatspectra\x64\debug\commonsubdivision.obj
c:\users\tsundoku\documents\visual studio 2022\projects\heatspectra\heatspectra\heatspectra\x64\debug\timingrenderer.obj
c:\users\tsundoku\documents\visual studio 2022\projects\heatspectra\heatspectra\heatspectra\x64\debug\nodegraphcontroller.obj
c:\users\tsundoku\documents\visual studio 2022\projects\heatspectra\heatspectra\heatspectra\x64\debug\nodegroup.obj
c:\users\tsundoku\documents\visual studio 2022\projects\heatspectra\heatspectra\heatspectra\x64\debug\meshmodifiers.obj
c:\users\tsundoku\documents\visual studio 2022\projects\heatspectra\heatspectra\heatspectra\x64\debug\vulkanbuffer.obj
c:\users\tsundoku\documents\visual studio 2022\projects\heatspectra\heatspectra\heatspectra\x64\debug\file_utils.obj
c:\users\tsundoku\documents\visual studio 2022\projects\heatspectra\heatspectra\heatspectra\x64\debug\rendercontext.obj
c:\users\tsundoku\documents\visual studio 2022\projects\heatspectra\heatspectra\heatspectra\x64\debug\geometrypass.obj
c:\users\tsundoku\documents\visual studio 2022\projects\heatspectra\heatspectra\heatspectra\x64\debug\heatsource.obj
c:\users\tsundoku\documents\visual studio 2022\projects\heatspectra\heatspectra\heatspectra\x64\debug\nodegraphexecutionplanner.obj
c:\users\tsundoku\documents\visual studio 2022\projects\heatspectra\heatspectra\heatspectra\x64\debug\supportinghalfedge.obj
c:\users\tsundoku\documents\visual studio 2022\projects\heatspectra\heatspectra\heatspectra\x64\debug\memoryallocator.obj
c:\users\tsundoku\documents\visual studio 2022\projects\heatspectra\heatspectra\heatspectra\x64\debug\camera.obj
c:\users\tsundoku\documents\visual studio 2022\projects\heatspectra\heatspectra\heatspectra\x64\debug\runtimerendercontroller.obj
c:\users\tsundoku\documents\visual studio 2022\projects\heatspectra\heatspectra\heatspectra\x64\debug\vkframegraphruntime.obj
c:\users\tsundoku\documents\visual studio 2022\projects\heatspectra\heatspectra\heatspectra\x64\debug\hdr.obj
c:\users\tsundoku\documents\visual studio 2022\projects\heatspectra\heatspectra\heatspectra\x64\debug\nodegraphkernels.obj
c:\users\tsundoku\documents\visual studio 2022\projects\heatspectra\heatspectra\heatspectra\x64\debug\nodeheatsolve.obj
c:\users\tsundoku\documents\visual studio 2022\projects\heatspectra\heatspectra\heatspectra\x64\debug\surfelrenderer.obj
c:\users\tsundoku\documents\visual studio 2022\projects\heatspectra\heatspectra\heatspectra\x64\debug\mainrendergraph.obj
c:\users\tsundoku\documents\visual studio 2022\projects\heatspectra\heatspectra\heatspectra\x64\debug\remesher.obj
c:\users\tsundoku\documents\visual studio 2022\projects\heatspectra\heatspectra\heatspectra\x64\debug\frameupdatestage.obj
c:\users\tsundoku\documents\visual studio 2022\projects\heatspectra\heatspectra\heatspectra\x64\debug\framegraph.obj
c:\users\tsundoku\documents\visual studio 2022\projects\heatspectra\heatspectra\heatspectra\x64\debug\gizmocontroller.obj
c:\users\tsundoku\documents\visual studio 2022\projects\heatspectra\heatspectra\heatspectra\x64\debug\heatsystemruntime.obj
c:\users\tsundoku\documents\visual studio 2022\projects\heatspectra\heatspectra\heatspectra\x64\debug\nodegraphvalidator.obj
c:\users\tsundoku\documents\visual studio 2022\projects\heatspectra\heatspectra\heatspectra\x64\debug\app.obj
c:\users\tsundoku\documents\visual studio 2022\projects\heatspectra\heatspectra\heatspectra\x64\debug\vulkandevice.obj
c:\users\tsundoku\documents\visual studio 2022\projects\heatspectra\heatspectra\heatspectra\x64\debug\runtimehost.obj
c:\users\tsundoku\documents\visual studio 2022\projects\heatspectra\heatspectra\heatspectra\x64\debug\lightingpass.obj
c:\users\tsundoku\documents\visual studio 2022\projects\heatspectra\heatspectra\heatspectra\x64\debug\heatsystempresets.obj
c:\users\tsundoku\documents\visual studio 2022\projects\heatspectra\heatspectra\heatspectra\x64\debug\lightingsystem.obj
c:\users\tsundoku\documents\visual studio 2022\projects\heatspectra\heatspectra\heatspectra\x64\debug\nodeinspectordialog.obj
c:\users\tsundoku\documents\visual studio 2022\projects\heatspectra\heatspectra\heatspectra\x64\debug\commandbuffermanager.obj
c:\users\tsundoku\documents\visual studio 2022\projects\heatspectra\heatspectra\heatspectra\x64\debug\runtimesimulationcontroller.obj
c:\users\tsundoku\documents\visual studio 2022\projects\heatspectra\heatspectra\heatspectra\x64\debug\framesync.obj
c:\users\tsundoku\documents\visual studio 2022\projects\heatspectra\heatspectra\heatspectra\x64\debug\scenerenderer.obj
c:\users\tsundoku\documents\visual studio 2022\projects\heatspectra\heatspectra\heatspectra\x64\debug\heatsystem.obj
c:\users\tsundoku\documents\visual studio 2022\projects\heatspectra\heatspectra\heatspectra\x64\debug\modelselection.obj
c:\users\tsundoku\documents\visual studio 2022\projects\heatspectra\heatspectra\heatspectra\x64\debug\vulkanwindow.obj
c:\users\tsundoku\documents\visual studio 2022\projects\heatspectra\heatspectra\heatspectra\x64\debug\renderruntime.obj
c:\users\tsundoku\documents\visual studio 2022\projects\heatspectra\heatspectra\heatspectra\x64\debug\overlaypass.obj
c:\users\tsundoku\documents\visual studio 2022\projects\heatspectra\heatspectra\heatspectra\x64\debug\materialsystem.obj
c:\users\tsundoku\documents\visual studio 2022\projects\heatspectra\heatspectra\heatspectra\x64\debug\nodeheatsource.obj
c:\users\tsundoku\documents\visual studio 2022\projects\heatspectra\heatspectra\heatspectra\x64\debug\voronoicandidatecompute.obj
c:\users\tsundoku\documents\visual studio 2022\projects\heatspectra\heatspectra\heatspectra\x64\debug\trianglehashgrid.obj
c:\users\tsundoku\documents\visual studio 2022\projects\heatspectra\heatspectra\heatspectra\x64\debug\mainqt.obj
c:\users\tsundoku\documents\visual studio 2022\projects\heatspectra\heatspectra\heatspectra\x64\debug\vulkancorecontext.obj
c:\users\tsundoku\documents\visual studio 2022\projects\heatspectra\heatspectra\heatspectra\x64\debug\scenecontroller.obj
c:\users\tsundoku\documents\visual studio 2022\projects\heatspectra\heatspectra\heatspectra\x64\debug\gizmorenderer.obj
c:\users\tsundoku\documents\visual studio 2022\projects\heatspectra\heatspectra\heatspectra\x64\debug\nodegraphdocument.obj
c:\users\tsundoku\documents\visual studio 2022\projects\heatspectra\heatspectra\heatspectra\x64\debug\nodesolvercontroller.obj
c:\users\tsundoku\documents\visual studio 2022\projects\heatspectra\heatspectra\heatspectra\x64\debug\nodegraphtypes.obj
c:\users\tsundoku\documents\visual studio 2022\projects\heatspectra\heatspectra\heatspectra\x64\debug\iodt.obj
c:\users\tsundoku\documents\visual studio 2022\projects\heatspectra\heatspectra\heatspectra\x64\debug\resourcemanager.obj
c:\users\tsundoku\documents\visual studio 2022\projects\heatspectra\heatspectra\heatspectra\x64\debug\framecontroller.obj
c:\users\tsundoku\documents\visual studio 2022\projects\heatspectra\heatspectra\heatspectra\x64\debug\modelregistry.obj
c:\users\tsundoku\documents\visual studio 2022\projects\heatspectra\heatspectra\heatspectra\x64\debug\glyphtext.obj
c:\users\tsundoku\documents\visual studio 2022\projects\heatspectra\heatspectra\heatspectra\x64\debug\grid.obj
c:\users\tsundoku\documents\visual studio 2022\projects\heatspectra\heatspectra\heatspectra\x64\debug\nodegraphbridge.obj
c:\users\tsundoku\documents\visual studio 2022\projects\heatspectra\heatspectra\heatspectra\x64\debug\nodemodel.obj
c:\users\tsundoku\documents\visual studio 2022\projects\heatspectra\heatspectra\heatspectra\x64\debug\pointrenderer.obj
c:\users\tsundoku\documents\visual studio 2022\projects\heatspectra\heatspectra\heatspectra\x64\debug\swapchainmanager.obj
c:\users\tsundoku\documents\visual studio 2022\projects\heatspectra\heatspectra\heatspectra\x64\debug\modeluploader.obj
c:\users\tsundoku\documents\visual studio 2022\projects\heatspectra\heatspectra\heatspectra\x64\debug\framecomputestage.obj
c:\users\tsundoku\documents\visual studio 2022\projects\heatspectra\heatspectra\heatspectra\x64\debug\vulkaninstancecontext.obj
c:\users\tsundoku\documents\visual studio 2022\projects\heatspectra\heatspectra\heatspectra\x64\debug\geodesictracer.obj
c:\users\tsundoku\documents\visual studio 2022\projects\heatspectra\heatspectra\heatspectra\x64\debug\heatreceiver.obj
c:\users\tsundoku\documents\visual studio 2022\projects\heatspectra\heatspectra\heatspectra\x64\debug\noderemesh.obj
c:\users\tsundoku\documents\visual studio 2022\projects\heatspectra\heatspectra\heatspectra\x64\debug\voronoirenderer.obj
c:\users\tsundoku\documents\visual studio 2022\projects\heatspectra\heatspectra\heatspectra\x64\debug\model.obj
c:\users\tsundoku\documents\visual studio 2022\projects\heatspectra\heatspectra\heatspectra\x64\debug\runtimecontroller.obj
c:\users\tsundoku\documents\visual studio 2022\projects\heatspectra\heatspectra\heatspectra\x64\debug\blendpass.obj
c:\users\tsundoku\documents\visual studio 2022\projects\heatspectra\heatspectra\heatspectra\x64\debug\heatsystemcontroller.obj
c:\users\tsundoku\documents\visual studio 2022\projects\heatspectra\heatspectra\heatspectra\x64\debug\lloydcompute.obj
c:\users\tsundoku\documents\visual studio 2022\projects\heatspectra\heatspectra\heatspectra\x64\debug\voronoiseeder.obj
c:\users\tsundoku\documents\visual studio 2022\projects\heatspectra\heatspectra\heatspectra\x64\debug\mousepicker.obj
c:\users\tsundoku\documents\visual studio 2022\projects\heatspectra\heatspectra\heatspectra\x64\debug\rendersettingscontroller.obj
c:\users\tsundoku\documents\visual studio 2022\projects\heatspectra\heatspectra\heatspectra\x64\debug\runtimesystems.obj
c:\users\tsundoku\documents\visual studio 2022\projects\heatspectra\heatspectra\heatspectra\x64\debug\heatrenderer.obj
c:\users\tsundoku\documents\visual studio 2022\projects\heatspectra\heatspectra\heatspectra\x64\debug\nodegrouppanel.obj
c:\users\tsundoku\documents\visual studio 2022\projects\heatspectra\heatspectra\heatspectra\x64\debug\signpostmesh.obj
c:\users\tsundoku\documents\visual studio 2022\projects\heatspectra\heatspectra\heatspectra\x64\debug\framegraphicsstage.obj
c:\users\tsundoku\documents\visual studio 2022\projects\heatspectra\heatspectra\heatspectra\x64\debug\contactinterface.obj
c:\users\tsundoku\documents\visual studio 2022\projects\heatspectra\heatspectra\heatspectra\x64\debug\hashgridrenderer.obj
c:\users\tsundoku\documents\visual studio 2022\projects\heatspectra\heatspectra\heatspectra\x64\debug\nodegraphruntime.obj
c:\users\tsundoku\documents\visual studio 2022\projects\heatspectra\heatspectra\heatspectra\x64\debug\nodegraphscene.obj
c:\users\tsundoku\documents\visual studio 2022\projects\heatspectra\heatspectra\heatspectra\x64\debug\uniformbuffermanager.obj
c:\users\tsundoku\documents\visual studio 2022\projects\heatspectra\heatspectra\heatspectra\x64\debug\computetiming.obj
c:\users\tsundoku\documents\visual studio 2022\projects\heatspectra\heatspectra\heatspectra\x64\debug\rendersettingsmanager.obj
c:\users\tsundoku\documents\visual studio 2022\projects\heatspectra\heatspectra\heatspectra\x64\debug\runtimeexecutioncontroller.obj
c:\users\tsundoku\documents\visual studio 2022\projects\heatspectra\heatspectra\heatspectra\x64\debug\contactlinerenderer.obj
c:\users\tsundoku\documents\visual studio 2022\projects\heatspectra\heatspectra\heatspectra\x64\debug\hashgrid.obj
c:\users\tsundoku\documents\visual studio 2022\projects\heatspectra\heatspectra\heatspectra\x64\debug\nodegraphdock.obj
c:\users\tsundoku\documents\visual studio 2022\projects\heatspectra\heatspectra\heatspectra\x64\debug\voxelgrid.obj
c:\users\tsundoku\documents\visual studio 2022\projects\heatspectra\heatspectra\heatspectra\x64\debug\wireframerenderer.obj
c:\users\tsundoku\documents\visual studio 2022\projects\heatspectra\heatspectra\heatspectra\x64\debug\qt\moc\moc_mainqt.cpp
c:\users\tsundoku\documents\visual studio 2022\projects\heatspectra\heatspectra\x64\debug\heatspectra.exe
c:\users\tsundoku\documents\visual studio 2022\projects\heatspectra\heatspectra\x64\debug\heatspectra.pdb
c:\users\tsundoku\documents\visual studio 2022\projects\heatspectra\heatspectra\heatspectra\x64\debug\heatspectra.ilk
c:\users\tsundoku\documents\visual studio 2022\projects\heatspectra\heatspectra\heatspectra\x64\debug\heatspectra.tlog\cl.command.1.tlog
c:\users\tsundoku\documents\visual studio 2022\projects\heatspectra\heatspectra\heatspectra\x64\debug\heatspectra.tlog\cl.items.tlog
c:\users\tsundoku\documents\visual studio 2022\projects\heatspectra\heatspectra\heatspectra\x64\debug\heatspectra.tlog\cl.read.1.tlog
c:\users\tsundoku\documents\visual studio 2022\projects\heatspectra\heatspectra\heatspectra\x64\debug\heatspectra.tlog\cl.write.1.tlog
c:\users\tsundoku\documents\visual studio 2022\projects\heatspectra\heatspectra\heatspectra\x64\debug\heatspectra.tlog\heatspectra.write.1u.tlog
c:\users\tsundoku\documents\visual studio 2022\projects\heatspectra\heatspectra\heatspectra\x64\debug\heatspectra.tlog\link.command.1.tlog
c:\users\tsundoku\documents\visual studio 2022\projects\heatspectra\heatspectra\heatspectra\x64\debug\heatspectra.tlog\link.read.1.tlog
c:\users\tsundoku\documents\visual studio 2022\projects\heatspectra\heatspectra\heatspectra\x64\debug\heatspectra.tlog\link.secondary.1.tlog
c:\users\tsundoku\documents\visual studio 2022\projects\heatspectra\heatspectra\heatspectra\x64\debug\heatspectra.tlog\link.write.1.tlog
c:\users\tsundoku\documents\visual studio 2022\projects\heatspectra\heatspectra\heatspectra\x64\debug\heatspectra.tlog\moc.read.1u.tlog
c:\users\tsundoku\documents\visual studio 2022\projects\heatspectra\heatspectra\heatspectra\x64\debug\heatspectra.tlog\moc.write.1u.tlog
