c:\users\tsundoku\documents\visual studio 2022\projects\heatspectra\heatspectra\x64\release\vc143.pdb
c:\users\tsundoku\documents\visual studio 2022\projects\heatspectra\heatspectra\x64\release\moc_mainqt.obj
c:\users\tsundoku\documents\visual studio 2022\projects\heatspectra\heatspectra\x64\release\vulkancorecontext.obj
c:\users\tsundoku\documents\visual studio 2022\projects\heatspectra\heatspectra\x64\release\scenecontroller.obj
c:\users\tsundoku\documents\visual studio 2022\projects\heatspectra\heatspectra\x64\release\geodesictracer.obj
c:\users\tsundoku\documents\visual studio 2022\projects\heatspectra\heatspectra\x64\release\heatsource.obj
c:\users\tsundoku\documents\visual studio 2022\projects\heatspectra\heatspectra\x64\release\nodegraphdebugstore.obj
c:\users\tsundoku\documents\visual studio 2022\projects\heatspectra\heatspectra\x64\release\nodegraphexecutionplanner.obj
c:\users\tsundoku\documents\visual studio 2022\projects\heatspectra\heatspectra\x64\release\inputcontroller.obj
c:\users\tsundoku\documents\visual studio 2022\projects\heatspectra\heatspectra\x64\release\vulkanbuffer.obj
c:\users\tsundoku\documents\visual studio 2022\projects\heatspectra\heatspectra\x64\release\vulkandevice.obj
c:\users\tsundoku\documents\visual studio 2022\projects\heatspectra\heatspectra\x64\release\renderruntime.obj
c:\users\tsundoku\documents\visual studio 2022\projects\heatspectra\heatspectra\x64\release\scenerenderer.obj
c:\users\tsundoku\documents\visual studio 2022\projects\heatspectra\heatspectra\x64\release\heatsystemcontroller.obj
c:\users\tsundoku\documents\visual studio 2022\projects\heatspectra\heatspectra\x64\release\nodeheatsource.obj
c:\users\tsundoku\documents\visual studio 2022\projects\heatspectra\heatspectra\x64\release\nodegraphvalidator.obj
c:\users\tsundoku\documents\visual studio 2022\projects\heatspectra\heatspectra\x64\release\app.obj
c:\users\tsundoku\documents\visual studio 2022\projects\heatspectra\heatspectra\x64\release\resourcemanager.obj
c:\users\tsundoku\documents\visual studio 2022\projects\heatspectra\heatspectra\x64\release\framegraphicsstage.obj
c:\users\tsundoku\documents\visual studio 2022\projects\heatspectra\heatspectra\x64\release\contactinterface.obj
c:\users\tsundoku\documents\visual studio 2022\projects\heatspectra\heatspectra\x64\release\grid.obj
c:\users\tsundoku\documents\visual studio 2022\projects\heatspectra\heatspectra\x64\release\heatsystemvoronoistage.obj
c:\users\tsundoku\documents\visual studio 2022\projects\heatspectra\heatspectra\x64\release\nodecontactpair.obj
c:\users\tsundoku\documents\visual studio 2022\projects\heatspectra\heatspectra\x64\release\meshmodifiers.obj
c:\users\tsundoku\documents\visual studio 2022\projects\heatspectra\heatspectra\x64\release\voronoiseeder.obj
c:\users\tsundoku\documents\visual studio 2022\projects\heatspectra\heatspectra\x64\release\vulkanimage.obj
c:\users\tsundoku\documents\visual studio 2022\projects\heatspectra\heatspectra\x64\release\computetiming.obj
c:\users\tsundoku\documents\visual studio 2022\projects\heatspectra\heatspectra\x64\release\rendersettingsmanager.obj
c:\users\tsundoku\documents\visual studio 2022\projects\heatspectra\heatspectra\x64\release\runtimeexecutioncontroller.obj
c:\users\tsundoku\documents\visual studio 2022\projects\heatspectra\heatspectra\x64\release\vkframegraphruntime.obj
c:\users\tsundoku\documents\visual studio 2022\projects\heatspectra\heatspectra\x64\release\hdr.obj
c:\users\tsundoku\documents\visual studio 2022\projects\heatspectra\heatspectra\x64\release\materialsystem.obj
c:\users\tsundoku\documents\visual studio 2022\projects\heatspectra\heatspectra\x64\release\nodegroup.obj
c:\users\tsundoku\documents\visual studio 2022\projects\heatspectra\heatspectra\x64\release\nodepanelutils.obj
c:\users\tsundoku\documents\visual studio 2022\projects\heatspectra\heatspectra\x64\release\modelselection.obj
c:\users\tsundoku\documents\visual studio 2022\projects\heatspectra\heatspectra\x64\release\swapchainstage.obj
c:\users\tsundoku\documents\visual studio 2022\projects\heatspectra\heatspectra\x64\release\framecomputestage.obj
c:\users\tsundoku\documents\visual studio 2022\projects\heatspectra\heatspectra\x64\release\modelregistry.obj
c:\users\tsundoku\documents\visual studio 2022\projects\heatspectra\heatspectra\x64\release\contactlinerenderer.obj
c:\users\tsundoku\documents\visual studio 2022\projects\heatspectra\heatspectra\x64\release\hashgrid.obj
c:\users\tsundoku\documents\visual studio 2022\projects\heatspectra\heatspectra\x64\release\nodegraphbridge.obj
c:\users\tsundoku\documents\visual studio 2022\projects\heatspectra\heatspectra\x64\release\nodegraphruntime.obj
c:\users\tsundoku\documents\visual studio 2022\projects\heatspectra\heatspectra\x64\release\nodeinspectordialog.obj
c:\users\tsundoku\documents\visual studio 2022\projects\heatspectra\heatspectra\x64\release\camera.obj
c:\users\tsundoku\documents\visual studio 2022\projects\heatspectra\heatspectra\x64\release\runtimerendercontroller.obj
c:\users\tsundoku\documents\visual studio 2022\projects\heatspectra\heatspectra\x64\release\framesync.obj
c:\users\tsundoku\documents\visual studio 2022\projects\heatspectra\heatspectra\x64\release\glyphtext.obj
c:\users\tsundoku\documents\visual studio 2022\projects\heatspectra\heatspectra\x64\release\timingrenderer.obj
c:\users\tsundoku\documents\visual studio 2022\projects\heatspectra\heatspectra\x64\release\heatsystemsurfacestage.obj
c:\users\tsundoku\documents\visual studio 2022\projects\heatspectra\heatspectra\x64\release\nodesolvercontroller.obj
c:\users\tsundoku\documents\visual studio 2022\projects\heatspectra\heatspectra\x64\release\nodeheatsolverpanel.obj
c:\users\tsundoku\documents\visual studio 2022\projects\heatspectra\heatspectra\x64\release\uniformbuffermanager.obj
c:\users\tsundoku\documents\visual studio 2022\projects\heatspectra\heatspectra\x64\release\framecontroller.obj
c:\users\tsundoku\documents\visual studio 2022\projects\heatspectra\heatspectra\x64\release\vulkaninstancecontext.obj
c:\users\tsundoku\documents\visual studio 2022\projects\heatspectra\heatspectra\x64\release\lightingpass.obj
c:\users\tsundoku\documents\visual studio 2022\projects\heatspectra\heatspectra\x64\release\heatreceiver.obj
c:\users\tsundoku\documents\visual studio 2022\projects\heatspectra\heatspectra\x64\release\nodegraphdatatypes.obj
c:\users\tsundoku\documents\visual studio 2022\projects\heatspectra\heatspectra\x64\release\nodecontactpairpanel.obj
c:\users\tsundoku\documents\visual studio 2022\projects\heatspectra\heatspectra\x64\release\voxelgrid.obj
c:\users\tsundoku\documents\visual studio 2022\projects\heatspectra\heatspectra\x64\release\wireframerenderer.obj
c:\users\tsundoku\documents\visual studio 2022\projects\heatspectra\heatspectra\x64\release\cameracontroller.obj
c:\users\tsundoku\documents\visual studio 2022\projects\heatspectra\heatspectra\x64\release\rendersettingscontroller.obj
c:\users\tsundoku\documents\visual studio 2022\projects\heatspectra\heatspectra\x64\release\runtimesystems.obj
c:\users\tsundoku\documents\visual studio 2022\projects\heatspectra\heatspectra\x64\release\halfedgemesh.obj
c:\users\tsundoku\documents\visual studio 2022\projects\heatspectra\heatspectra\x64\release\nodegraphdocument.obj
c:\users\tsundoku\documents\visual studio 2022\projects\heatspectra\heatspectra\x64\release\nodegraphkernels.obj
c:\users\tsundoku\documents\visual studio 2022\projects\heatspectra\heatspectra\x64\release\nodeheatmaterialpresets.obj
c:\users\tsundoku\documents\visual studio 2022\projects\heatspectra\heatspectra\x64\release\nodegraphtypes.obj
c:\users\tsundoku\documents\visual studio 2022\projects\heatspectra\heatspectra\x64\release\voronoicandidatecompute.obj
c:\users\tsundoku\documents\visual studio 2022\projects\heatspectra\heatspectra\x64\release\pointrenderer.obj
c:\users\tsundoku\documents\visual studio 2022\projects\heatspectra\heatspectra\x64\release\vulkanwindow.obj
c:\users\tsundoku\documents\visual studio 2022\projects\heatspectra\heatspectra\x64\release\runtimecontroller.obj
c:\users\tsundoku\documents\visual studio 2022\projects\heatspectra\heatspectra\x64\release\vkframegraphbackend.obj
c:\users\tsundoku\documents\visual studio 2022\projects\heatspectra\heatspectra\x64\release\hashgridrenderer.obj
c:\users\tsundoku\documents\visual studio 2022\projects\heatspectra\heatspectra\x64\release\nodegraphcontroller.obj
c:\users\tsundoku\documents\visual studio 2022\projects\heatspectra\heatspectra\x64\release\noderemeshpanel.obj
c:\users\tsundoku\documents\visual studio 2022\projects\heatspectra\heatspectra\x64\release\trianglehashgrid.obj
c:\users\tsundoku\documents\visual studio 2022\projects\heatspectra\heatspectra\x64\release\mainqt.obj
c:\users\tsundoku\documents\visual studio 2022\projects\heatspectra\heatspectra\x64\release\scenecontext.obj
c:\users\tsundoku\documents\visual studio 2022\projects\heatspectra\heatspectra\x64\release\contactsystem.obj
c:\users\tsundoku\documents\visual studio 2022\projects\heatspectra\heatspectra\x64\release\gridlabel.obj
c:\users\tsundoku\documents\visual studio 2022\projects\heatspectra\heatspectra\x64\release\lightingsystem.obj
c:\users\tsundoku\documents\visual studio 2022\projects\heatspectra\heatspectra\x64\release\nodemodel.obj
c:\users\tsundoku\documents\visual studio 2022\projects\heatspectra\heatspectra\x64\release\voronoigeocompute.obj
c:\users\tsundoku\documents\visual studio 2022\projects\heatspectra\heatspectra\x64\release\supportinghalfedge.obj
c:\users\tsundoku\documents\visual studio 2022\projects\heatspectra\heatspectra\x64\release\memoryallocator.obj
c:\users\tsundoku\documents\visual studio 2022\projects\heatspectra\heatspectra\x64\release\mousepicker.obj
c:\users\tsundoku\documents\visual studio 2022\projects\heatspectra\heatspectra\x64\release\runtimeinputcontroller.obj
c:\users\tsundoku\documents\visual studio 2022\projects\heatspectra\heatspectra\x64\release\framegraphcompile.obj
c:\users\tsundoku\documents\visual studio 2022\projects\heatspectra\heatspectra\x64\release\gizmocontroller.obj
c:\users\tsundoku\documents\visual studio 2022\projects\heatspectra\heatspectra\x64\release\heatsystemresources.obj
c:\users\tsundoku\documents\visual studio 2022\projects\heatspectra\heatspectra\x64\release\heatsystemrenderstage.obj
c:\users\tsundoku\documents\visual studio 2022\projects\heatspectra\heatspectra\x64\release\nodeheatreceiver.obj
c:\users\tsundoku\documents\visual studio 2022\projects\heatspectra\heatspectra\x64\release\nodegraphscene.obj
c:\users\tsundoku\documents\visual studio 2022\projects\heatspectra\heatspectra\x64\release\model.obj
c:\users\tsundoku\documents\visual studio 2022\projects\heatspectra\heatspectra\x64\release\commandbuffermanager.obj
c:\users\tsundoku\documents\visual studio 2022\projects\heatspectra\heatspectra\x64\release\runtimesimulationcontroller.obj
c:\users\tsundoku\documents\visual studio 2022\projects\heatspectra\heatspectra\x64\release\framegraph.obj
c:\users\tsundoku\documents\visual studio 2022\projects\heatspectra\heatspectra\x64\release\blendpass.obj
c:\users\tsundoku\documents\visual studio 2022\projects\heatspectra\heatspectra\x64\release\heatsystemcontactstage.obj
c:\users\tsundoku\documents\visual studio 2022\projects\heatspectra\heatspectra\x64\release\nodegrouppanel.obj
c:\users\tsundoku\documents\visual studio 2022\projects\heatspectra\heatspectra\x64\release\swapchainmanager.obj
c:\users\tsundoku\documents\visual studio 2022\projects\heatspectra\heatspectra\x64\release\file_utils.obj
c:\users\tsundoku\documents\visual studio 2022\projects\heatspectra\heatspectra\x64\release\runtimehost.obj
c:\users\tsundoku\documents\visual studio 2022\projects\heatspectra\heatspectra\x64\release\geometrypass.obj
c:\users\tsundoku\documents\visual studio 2022\projects\heatspectra\heatspectra\x64\release\heatsystempresets.obj
c:\users\tsundoku\documents\visual studio 2022\projects\heatspectra\heatspectra\x64\release\heatsystem.obj
c:\users\tsundoku\documents\visual studio 2022\projects\heatspectra\heatspectra\x64\release\nodeheatsolve.obj
c:\users\tsundoku\documents\visual studio 2022\projects\heatspectra\heatspectra\x64\release\iodt.obj
c:\users\tsundoku\documents\visual studio 2022\projects\heatspectra\heatspectra\x64\release\modeluploader.obj
c:\users\tsundoku\documents\visual studio 2022\projects\heatspectra\heatspectra\x64\release\frameupdatestage.obj
c:\users\tsundoku\documents\visual studio 2022\projects\heatspectra\heatspectra\x64\release\contactsystemcontroller.obj
c:\users\tsundoku\documents\visual studio 2022\projects\heatspectra\heatspectra\x64\release\heatrenderer.obj
c:\users\tsundoku\documents\visual studio 2022\projects\heatspectra\heatspectra\x64\release\nodegraphdock.obj
c:\users\tsundoku\documents\visual studio 2022\projects\heatspectra\heatspectra\x64\release\surfelrenderer.obj
c:\users\tsundoku\documents\visual studio 2022\projects\heatspectra\heatspectra\x64\release\mainrendergraph.obj
c:\users\tsundoku\documents\visual studio 2022\projects\heatspectra\heatspectra\x64\release\remesher.obj
c:\users\tsundoku\documents\visual studio 2022\projects\heatspectra\heatspectra\x64\release\framestats.obj
c:\users\tsundoku\documents\visual studio 2022\projects\heatspectra\heatspectra\x64\release\commonsubdivision.obj
c:\users\tsundoku\documents\visual studio 2022\projects\heatspectra\heatspectra\x64\release\gizmorenderer.obj
c:\users\tsundoku\documents\visual studio 2022\projects\heatspectra\heatspectra\x64\release\heatsystemdebugstage.obj
c:\users\tsundoku\documents\visual studio 2022\projects\heatspectra\heatspectra\x64\release\noderemesh.obj
c:\users\tsundoku\documents\visual studio 2022\projects\heatspectra\heatspectra\x64\release\lloydcompute.obj
c:\users\tsundoku\documents\visual studio 2022\projects\heatspectra\heatspectra\x64\release\voronoiintegrator.obj
c:\users\tsundoku\documents\visual studio 2022\projects\heatspectra\heatspectra\x64\release\rendercontext.obj
c:\users\tsundoku\documents\visual studio 2022\projects\heatspectra\heatspectra\x64\release\overlaypass.obj
c:\users\tsundoku\documents\visual studio 2022\projects\heatspectra\heatspectra\x64\release\heatsystemruntime.obj
c:\users\tsundoku\documents\visual studio 2022\projects\heatspectra\heatspectra\x64\release\nodemodelpanel.obj
c:\users\tsundoku\documents\visual studio 2022\projects\heatspectra\heatspectra\x64\release\voronoirenderer.obj
c:\users\tsundoku\documents\visual studio 2022\projects\heatspectra\heatspectra\x64\release\signpostmesh.obj
c:\users\tsundoku\documents\visual studio 2022\projects\heatspectra\heatspectra\x64\release\qt\moc\moc_mainqt.cpp
c:\users\tsundoku\documents\visual studio 2022\projects\heatspectra\heatspectra\x64\release\heatspectra.ipdb
c:\users\tsundoku\documents\visual studio 2022\projects\heatspectra\heatspectra\x64\release\heatspectra.iobj
c:\users\tsundoku\documents\visual studio 2022\projects\heatspectra\heatspectra\x64\release\heatspectra.tlog\cl.command.1.tlog
c:\users\tsundoku\documents\visual studio 2022\projects\heatspectra\heatspectra\x64\release\heatspectra.tlog\cl.items.tlog
c:\users\tsundoku\documents\visual studio 2022\projects\heatspectra\heatspectra\x64\release\heatspectra.tlog\cl.read.1.tlog
c:\users\tsundoku\documents\visual studio 2022\projects\heatspectra\heatspectra\x64\release\heatspectra.tlog\cl.write.1.tlog
c:\users\tsundoku\documents\visual studio 2022\projects\heatspectra\heatspectra\x64\release\heatspectra.tlog\heatspectra.write.1u.tlog
c:\users\tsundoku\documents\visual studio 2022\projects\heatspectra\heatspectra\x64\release\heatspectra.tlog\link.command.1.tlog
c:\users\tsundoku\documents\visual studio 2022\projects\heatspectra\heatspectra\x64\release\heatspectra.tlog\link.read.1.tlog
c:\users\tsundoku\documents\visual studio 2022\projects\heatspectra\heatspectra\x64\release\heatspectra.tlog\link.secondary.1.tlog
c:\users\tsundoku\documents\visual studio 2022\projects\heatspectra\heatspectra\x64\release\heatspectra.tlog\link.write.1.tlog
c:\users\tsundoku\documents\visual studio 2022\projects\heatspectra\heatspectra\x64\release\heatspectra.tlog\moc.read.1u.tlog
c:\users\tsundoku\documents\visual studio 2022\projects\heatspectra\heatspectra\x64\release\heatspectra.tlog\moc.write.1u.tlog
